<?xml version="1.0" encoding="UTF-8"?>
<!-- Generated by org.testng.reporters.JUnitReportReporter -->
<testsuite hostname="QT-INBG-LT1924" failures="0" tests="1" name="mw2.sign_up" time="8.835" errors="0" timestamp="2022-09-19T09:32:25 IST" skipped="0">
  <testcase classname="mw2.sign_up" name="sign_up" time="8.835"/>
  <system-out/>
</testsuite> <!-- mw2.sign_up -->
