<?xml version="1.0" encoding="UTF-8"?>
<!-- Generated by org.testng.reporters.JUnitReportReporter -->
<testsuite hostname="QT-INBG-LT1924" failures="0" tests="1" name="mobile_automation.Sign_in" time="3.549" errors="0" timestamp="2022-09-19T11:09:32 IST" skipped="0">
  <testcase classname="mobile_automation.Sign_in" name="sign_in" time="3.549"/>
  <system-out/>
</testsuite> <!-- mobile_automation.Sign_in -->
