<?xml version="1.0" encoding="UTF-8"?>
<!-- Generated by org.testng.reporters.JUnitReportReporter -->
<testsuite hostname="QT-INBG-LT1924" failures="0" tests="1" name="mw2.t3" time="7.064" errors="0" timestamp="2022-09-16T17:35:47 IST" skipped="0">
  <testcase classname="mw2.t3" name="t1" time="7.064"/>
  <system-out/>
</testsuite> <!-- mw2.t3 -->
