<?xml version="1.0" encoding="UTF-8"?>
<!-- Generated by org.testng.reporters.JUnitReportReporter -->
<testsuite hostname="QT-INBG-LT1924" failures="0" tests="1" name="mw2.t1" time="5.212" errors="0" timestamp="2022-09-16T15:41:38 IST" skipped="0">
  <testcase classname="mw2.t1" name="signin" time="5.212"/>
  <system-out/>
</testsuite> <!-- mw2.t1 -->
