<?xml version="1.0" encoding="UTF-8"?>
<!-- Generated by org.testng.reporters.JUnitReportReporter -->
<testsuite hostname="QT-INBG-LT1924" failures="0" tests="1" name="mobile_automation.Sign_up" time="8.031" errors="0" timestamp="2022-09-19T10:18:22 IST" skipped="0">
  <testcase classname="mobile_automation.Sign_up" name="sign_up" time="8.031"/>
  <system-out/>
</testsuite> <!-- mobile_automation.Sign_up -->
