<?xml version="1.0" encoding="UTF-8"?>
<!-- Generated by org.testng.reporters.JUnitReportReporter -->
<testsuite hostname="QT-INBG-LT1924" failures="0" tests="1" name="mw2.Contact_us" time="4.320" errors="0" timestamp="2022-09-19T09:33:28 IST" skipped="0">
  <testcase classname="mw2.Contact_us" name="contact_us" time="4.320"/>
  <system-out/>
</testsuite> <!-- mw2.Contact_us -->
