<?xml version="1.0" encoding="UTF-8"?>
<!-- Generated by org.testng.reporters.JUnitReportReporter -->
<testsuite hostname="QT-INBG-LT1924" failures="0" tests="1" name="mw2.t2" time="9.631" errors="0" timestamp="2022-09-16T15:35:29 IST" skipped="0">
  <testcase classname="mw2.t2" name="signnup" time="9.631"/>
  <system-out/>
</testsuite> <!-- mw2.t2 -->
