<?xml version="1.0" encoding="UTF-8"?>
<!-- Generated by org.testng.reporters.JUnitReportReporter -->
<testsuite hostname="QT-INBG-LT1924" failures="0" tests="1" name="mobile_automation.Contact_us" time="5.711" errors="0" timestamp="2022-09-19T11:00:33 IST" skipped="0">
  <testcase classname="mobile_automation.Contact_us" name="contact_us" time="5.711"/>
  <system-out/>
</testsuite> <!-- mobile_automation.Contact_us -->
